[2021-12-21T00:23:43,476][INFO ][o.e.n.Node               ] [DESKTOP-LQSDBBS] version[7.16.2], pid[19688], build[default/zip/2b937c44140b6559905130a8650c64dbd0879cfb/2021-12-18T19:42:46.604893745Z], OS[Windows 10/10.0/amd64], JVM[Eclipse Adoptium/OpenJDK 64-Bit Server VM/17.0.1/17.0.1+12]
[2021-12-21T00:23:43,486][INFO ][o.e.n.Node               ] [DESKTOP-LQSDBBS] JVM home [Z:\elasticsearch-7.16.2-windows-x86_64\elasticsearch-7.16.2\jdk], using bundled JDK [true]
[2021-12-21T00:23:43,487][INFO ][o.e.n.Node               ] [DESKTOP-LQSDBBS] JVM arguments [-Des.networkaddress.cache.ttl=60, -Des.networkaddress.cache.negative.ttl=10, -XX:+AlwaysPreTouch, -Xss1m, -Djava.awt.headless=true, -Dfile.encoding=UTF-8, -Djna.nosys=true, -XX:-OmitStackTraceInFastThrow, -XX:+ShowCodeDetailsInExceptionMessages, -Dio.netty.noUnsafe=true, -Dio.netty.noKeySetOptimization=true, -Dio.netty.recycler.maxCapacityPerThread=0, -Dio.netty.allocator.numDirectArenas=0, -Dlog4j.shutdownHookEnabled=false, -Dlog4j2.disable.jmx=true, -Dlog4j2.formatMsgNoLookups=true, -Djava.locale.providers=SPI,COMPAT, --add-opens=java.base/java.io=ALL-UNNAMED, -Xms64m, -Xmx64m, -XX:+UseG1GC, -Djava.io.tmpdir=C:\Users\toshb\AppData\Local\Temp\elasticsearch, -XX:+HeapDumpOnOutOfMemoryError, -XX:+ExitOnOutOfMemoryError, -XX:HeapDumpPath=data, -XX:ErrorFile=logs/hs_err_pid%p.log, -Xlog:gc*,gc+age=trace,safepoint:file=logs/gc.log:utctime,pid,tags:filecount=32,filesize=64m, -XX:MaxDirectMemorySize=33554432, -XX:G1HeapRegionSize=4m, -XX:InitiatingHeapOccupancyPercent=30, -XX:G1ReservePercent=15, -Delasticsearch, -Des.path.home=Z:\elasticsearch-7.16.2-windows-x86_64\elasticsearch-7.16.2, -Des.path.conf=Z:\elasticsearch-7.16.2-windows-x86_64\elasticsearch-7.16.2\config, -Des.distribution.flavor=default, -Des.distribution.type=zip, -Des.bundled_jdk=true]
[2021-12-21T00:23:51,110][INFO ][o.e.p.PluginsService     ] [DESKTOP-LQSDBBS] loaded module [aggs-matrix-stats]
[2021-12-21T00:23:51,111][INFO ][o.e.p.PluginsService     ] [DESKTOP-LQSDBBS] loaded module [analysis-common]
[2021-12-21T00:23:51,112][INFO ][o.e.p.PluginsService     ] [DESKTOP-LQSDBBS] loaded module [constant-keyword]
[2021-12-21T00:23:51,113][INFO ][o.e.p.PluginsService     ] [DESKTOP-LQSDBBS] loaded module [frozen-indices]
[2021-12-21T00:23:51,114][INFO ][o.e.p.PluginsService     ] [DESKTOP-LQSDBBS] loaded module [ingest-common]
[2021-12-21T00:23:51,115][INFO ][o.e.p.PluginsService     ] [DESKTOP-LQSDBBS] loaded module [ingest-geoip]
[2021-12-21T00:23:51,116][INFO ][o.e.p.PluginsService     ] [DESKTOP-LQSDBBS] loaded module [ingest-user-agent]
[2021-12-21T00:23:51,116][INFO ][o.e.p.PluginsService     ] [DESKTOP-LQSDBBS] loaded module [kibana]
[2021-12-21T00:23:51,117][INFO ][o.e.p.PluginsService     ] [DESKTOP-LQSDBBS] loaded module [lang-expression]
[2021-12-21T00:23:51,117][INFO ][o.e.p.PluginsService     ] [DESKTOP-LQSDBBS] loaded module [lang-mustache]
[2021-12-21T00:23:51,118][INFO ][o.e.p.PluginsService     ] [DESKTOP-LQSDBBS] loaded module [lang-painless]
[2021-12-21T00:23:51,119][INFO ][o.e.p.PluginsService     ] [DESKTOP-LQSDBBS] loaded module [legacy-geo]
[2021-12-21T00:23:51,120][INFO ][o.e.p.PluginsService     ] [DESKTOP-LQSDBBS] loaded module [mapper-extras]
[2021-12-21T00:23:51,121][INFO ][o.e.p.PluginsService     ] [DESKTOP-LQSDBBS] loaded module [mapper-version]
[2021-12-21T00:23:51,121][INFO ][o.e.p.PluginsService     ] [DESKTOP-LQSDBBS] loaded module [parent-join]
[2021-12-21T00:23:51,122][INFO ][o.e.p.PluginsService     ] [DESKTOP-LQSDBBS] loaded module [percolator]
[2021-12-21T00:23:51,122][INFO ][o.e.p.PluginsService     ] [DESKTOP-LQSDBBS] loaded module [rank-eval]
[2021-12-21T00:23:51,123][INFO ][o.e.p.PluginsService     ] [DESKTOP-LQSDBBS] loaded module [reindex]
[2021-12-21T00:23:51,124][INFO ][o.e.p.PluginsService     ] [DESKTOP-LQSDBBS] loaded module [repositories-metering-api]
[2021-12-21T00:23:51,124][INFO ][o.e.p.PluginsService     ] [DESKTOP-LQSDBBS] loaded module [repository-encrypted]
[2021-12-21T00:23:51,125][INFO ][o.e.p.PluginsService     ] [DESKTOP-LQSDBBS] loaded module [repository-url]
[2021-12-21T00:23:51,126][INFO ][o.e.p.PluginsService     ] [DESKTOP-LQSDBBS] loaded module [runtime-fields-common]
[2021-12-21T00:23:51,126][INFO ][o.e.p.PluginsService     ] [DESKTOP-LQSDBBS] loaded module [search-business-rules]
[2021-12-21T00:23:51,127][INFO ][o.e.p.PluginsService     ] [DESKTOP-LQSDBBS] loaded module [searchable-snapshots]
[2021-12-21T00:23:51,127][INFO ][o.e.p.PluginsService     ] [DESKTOP-LQSDBBS] loaded module [snapshot-repo-test-kit]
[2021-12-21T00:23:51,128][INFO ][o.e.p.PluginsService     ] [DESKTOP-LQSDBBS] loaded module [spatial]
[2021-12-21T00:23:51,129][INFO ][o.e.p.PluginsService     ] [DESKTOP-LQSDBBS] loaded module [transform]
[2021-12-21T00:23:51,129][INFO ][o.e.p.PluginsService     ] [DESKTOP-LQSDBBS] loaded module [transport-netty4]
[2021-12-21T00:23:51,130][INFO ][o.e.p.PluginsService     ] [DESKTOP-LQSDBBS] loaded module [unsigned-long]
[2021-12-21T00:23:51,132][INFO ][o.e.p.PluginsService     ] [DESKTOP-LQSDBBS] loaded module [vector-tile]
[2021-12-21T00:23:51,133][INFO ][o.e.p.PluginsService     ] [DESKTOP-LQSDBBS] loaded module [vectors]
[2021-12-21T00:23:51,133][INFO ][o.e.p.PluginsService     ] [DESKTOP-LQSDBBS] loaded module [wildcard]
[2021-12-21T00:23:51,133][INFO ][o.e.p.PluginsService     ] [DESKTOP-LQSDBBS] loaded module [x-pack-aggregate-metric]
[2021-12-21T00:23:51,134][INFO ][o.e.p.PluginsService     ] [DESKTOP-LQSDBBS] loaded module [x-pack-analytics]
[2021-12-21T00:23:51,135][INFO ][o.e.p.PluginsService     ] [DESKTOP-LQSDBBS] loaded module [x-pack-async]
[2021-12-21T00:23:51,135][INFO ][o.e.p.PluginsService     ] [DESKTOP-LQSDBBS] loaded module [x-pack-async-search]
[2021-12-21T00:23:51,136][INFO ][o.e.p.PluginsService     ] [DESKTOP-LQSDBBS] loaded module [x-pack-autoscaling]
[2021-12-21T00:23:51,136][INFO ][o.e.p.PluginsService     ] [DESKTOP-LQSDBBS] loaded module [x-pack-ccr]
[2021-12-21T00:23:51,136][INFO ][o.e.p.PluginsService     ] [DESKTOP-LQSDBBS] loaded module [x-pack-core]
[2021-12-21T00:23:51,137][INFO ][o.e.p.PluginsService     ] [DESKTOP-LQSDBBS] loaded module [x-pack-data-streams]
[2021-12-21T00:23:51,137][INFO ][o.e.p.PluginsService     ] [DESKTOP-LQSDBBS] loaded module [x-pack-deprecation]
[2021-12-21T00:23:51,138][INFO ][o.e.p.PluginsService     ] [DESKTOP-LQSDBBS] loaded module [x-pack-enrich]
[2021-12-21T00:23:51,138][INFO ][o.e.p.PluginsService     ] [DESKTOP-LQSDBBS] loaded module [x-pack-eql]
[2021-12-21T00:23:51,139][INFO ][o.e.p.PluginsService     ] [DESKTOP-LQSDBBS] loaded module [x-pack-fleet]
[2021-12-21T00:23:51,139][INFO ][o.e.p.PluginsService     ] [DESKTOP-LQSDBBS] loaded module [x-pack-graph]
[2021-12-21T00:23:51,139][INFO ][o.e.p.PluginsService     ] [DESKTOP-LQSDBBS] loaded module [x-pack-identity-provider]
[2021-12-21T00:23:51,140][INFO ][o.e.p.PluginsService     ] [DESKTOP-LQSDBBS] loaded module [x-pack-ilm]
[2021-12-21T00:23:51,140][INFO ][o.e.p.PluginsService     ] [DESKTOP-LQSDBBS] loaded module [x-pack-logstash]
[2021-12-21T00:23:51,141][INFO ][o.e.p.PluginsService     ] [DESKTOP-LQSDBBS] loaded module [x-pack-ml]
[2021-12-21T00:23:51,141][INFO ][o.e.p.PluginsService     ] [DESKTOP-LQSDBBS] loaded module [x-pack-monitoring]
[2021-12-21T00:23:51,141][INFO ][o.e.p.PluginsService     ] [DESKTOP-LQSDBBS] loaded module [x-pack-ql]
[2021-12-21T00:23:51,142][INFO ][o.e.p.PluginsService     ] [DESKTOP-LQSDBBS] loaded module [x-pack-rollup]
[2021-12-21T00:23:51,142][INFO ][o.e.p.PluginsService     ] [DESKTOP-LQSDBBS] loaded module [x-pack-security]
[2021-12-21T00:23:51,143][INFO ][o.e.p.PluginsService     ] [DESKTOP-LQSDBBS] loaded module [x-pack-shutdown]
[2021-12-21T00:23:51,143][INFO ][o.e.p.PluginsService     ] [DESKTOP-LQSDBBS] loaded module [x-pack-sql]
[2021-12-21T00:23:51,143][INFO ][o.e.p.PluginsService     ] [DESKTOP-LQSDBBS] loaded module [x-pack-stack]
[2021-12-21T00:23:51,144][INFO ][o.e.p.PluginsService     ] [DESKTOP-LQSDBBS] loaded module [x-pack-text-structure]
[2021-12-21T00:23:51,144][INFO ][o.e.p.PluginsService     ] [DESKTOP-LQSDBBS] loaded module [x-pack-voting-only-node]
[2021-12-21T00:23:51,145][INFO ][o.e.p.PluginsService     ] [DESKTOP-LQSDBBS] loaded module [x-pack-watcher]
[2021-12-21T00:23:51,145][INFO ][o.e.p.PluginsService     ] [DESKTOP-LQSDBBS] no plugins loaded
[2021-12-21T00:23:51,600][ERROR][o.e.b.Bootstrap          ] [DESKTOP-LQSDBBS] Exception
java.lang.IllegalStateException: failed to obtain node locks, tried [[Z:\elasticsearch-7.16.2-windows-x86_64\elasticsearch-7.16.2\data]] with lock id [0]; maybe these locations are not writable or multiple nodes were started without increasing [node.max_local_storage_nodes] (was [1])?
	at org.elasticsearch.env.NodeEnvironment.<init>(NodeEnvironment.java:328) ~[elasticsearch-7.16.2.jar:7.16.2]
	at org.elasticsearch.node.Node.<init>(Node.java:427) ~[elasticsearch-7.16.2.jar:7.16.2]
	at org.elasticsearch.node.Node.<init>(Node.java:309) ~[elasticsearch-7.16.2.jar:7.16.2]
	at org.elasticsearch.bootstrap.Bootstrap$5.<init>(Bootstrap.java:234) ~[elasticsearch-7.16.2.jar:7.16.2]
	at org.elasticsearch.bootstrap.Bootstrap.setup(Bootstrap.java:234) ~[elasticsearch-7.16.2.jar:7.16.2]
	at org.elasticsearch.bootstrap.Bootstrap.init(Bootstrap.java:434) [elasticsearch-7.16.2.jar:7.16.2]
	at org.elasticsearch.bootstrap.Elasticsearch.init(Elasticsearch.java:166) [elasticsearch-7.16.2.jar:7.16.2]
	at org.elasticsearch.bootstrap.Elasticsearch.execute(Elasticsearch.java:157) [elasticsearch-7.16.2.jar:7.16.2]
	at org.elasticsearch.cli.EnvironmentAwareCommand.execute(EnvironmentAwareCommand.java:77) [elasticsearch-7.16.2.jar:7.16.2]
	at org.elasticsearch.cli.Command.mainWithoutErrorHandling(Command.java:112) [elasticsearch-cli-7.16.2.jar:7.16.2]
	at org.elasticsearch.cli.Command.main(Command.java:77) [elasticsearch-cli-7.16.2.jar:7.16.2]
	at org.elasticsearch.bootstrap.Elasticsearch.main(Elasticsearch.java:122) [elasticsearch-7.16.2.jar:7.16.2]
	at org.elasticsearch.bootstrap.Elasticsearch.main(Elasticsearch.java:80) [elasticsearch-7.16.2.jar:7.16.2]
Caused by: java.io.IOException: failed to obtain lock on Z:\elasticsearch-7.16.2-windows-x86_64\elasticsearch-7.16.2\data\nodes\0
	at org.elasticsearch.env.NodeEnvironment$NodeLock.<init>(NodeEnvironment.java:236) ~[elasticsearch-7.16.2.jar:7.16.2]
	at org.elasticsearch.env.NodeEnvironment.<init>(NodeEnvironment.java:298) ~[elasticsearch-7.16.2.jar:7.16.2]
	... 12 more
Caused by: java.nio.file.FileSystemException: Z:\elasticsearch-7.16.2-windows-x86_64\elasticsearch-7.16.2\data\nodes\0: Incorrect function
	at sun.nio.fs.WindowsException.translateToIOException(WindowsException.java:92) ~[?:?]
	at sun.nio.fs.WindowsException.rethrowAsIOException(WindowsException.java:103) ~[?:?]
	at sun.nio.fs.WindowsException.rethrowAsIOException(WindowsException.java:108) ~[?:?]
	at sun.nio.fs.WindowsLinkSupport.getFinalPath(WindowsLinkSupport.java:82) ~[?:?]
	at sun.nio.fs.WindowsFileStore.create(WindowsFileStore.java:102) ~[?:?]
	at sun.nio.fs.WindowsFileSystemProvider.getFileStore(WindowsFileSystemProvider.java:499) ~[?:?]
	at java.nio.file.Files.getFileStore(Files.java:1498) ~[?:?]
	at org.elasticsearch.env.Environment.getFileStore(Environment.java:379) ~[elasticsearch-7.16.2.jar:7.16.2]
	at org.elasticsearch.env.NodeEnvironment$NodePath.<init>(NodeEnvironment.java:111) ~[elasticsearch-7.16.2.jar:7.16.2]
	at org.elasticsearch.env.NodeEnvironment$NodeLock.<init>(NodeEnvironment.java:230) ~[elasticsearch-7.16.2.jar:7.16.2]
	at org.elasticsearch.env.NodeEnvironment.<init>(NodeEnvironment.java:298) ~[elasticsearch-7.16.2.jar:7.16.2]
	... 12 more
[2021-12-21T00:23:51,607][ERROR][o.e.b.ElasticsearchUncaughtExceptionHandler] [DESKTOP-LQSDBBS] uncaught exception in thread [main]
org.elasticsearch.bootstrap.StartupException: java.lang.IllegalStateException: failed to obtain node locks, tried [[Z:\elasticsearch-7.16.2-windows-x86_64\elasticsearch-7.16.2\data]] with lock id [0]; maybe these locations are not writable or multiple nodes were started without increasing [node.max_local_storage_nodes] (was [1])?
	at org.elasticsearch.bootstrap.Elasticsearch.init(Elasticsearch.java:170) ~[elasticsearch-7.16.2.jar:7.16.2]
	at org.elasticsearch.bootstrap.Elasticsearch.execute(Elasticsearch.java:157) ~[elasticsearch-7.16.2.jar:7.16.2]
	at org.elasticsearch.cli.EnvironmentAwareCommand.execute(EnvironmentAwareCommand.java:77) ~[elasticsearch-7.16.2.jar:7.16.2]
	at org.elasticsearch.cli.Command.mainWithoutErrorHandling(Command.java:112) ~[elasticsearch-cli-7.16.2.jar:7.16.2]
	at org.elasticsearch.cli.Command.main(Command.java:77) ~[elasticsearch-cli-7.16.2.jar:7.16.2]
	at org.elasticsearch.bootstrap.Elasticsearch.main(Elasticsearch.java:122) ~[elasticsearch-7.16.2.jar:7.16.2]
	at org.elasticsearch.bootstrap.Elasticsearch.main(Elasticsearch.java:80) ~[elasticsearch-7.16.2.jar:7.16.2]
Caused by: java.lang.IllegalStateException: failed to obtain node locks, tried [[Z:\elasticsearch-7.16.2-windows-x86_64\elasticsearch-7.16.2\data]] with lock id [0]; maybe these locations are not writable or multiple nodes were started without increasing [node.max_local_storage_nodes] (was [1])?
	at org.elasticsearch.env.NodeEnvironment.<init>(NodeEnvironment.java:328) ~[elasticsearch-7.16.2.jar:7.16.2]
	at org.elasticsearch.node.Node.<init>(Node.java:427) ~[elasticsearch-7.16.2.jar:7.16.2]
	at org.elasticsearch.node.Node.<init>(Node.java:309) ~[elasticsearch-7.16.2.jar:7.16.2]
	at org.elasticsearch.bootstrap.Bootstrap$5.<init>(Bootstrap.java:234) ~[elasticsearch-7.16.2.jar:7.16.2]
	at org.elasticsearch.bootstrap.Bootstrap.setup(Bootstrap.java:234) ~[elasticsearch-7.16.2.jar:7.16.2]
	at org.elasticsearch.bootstrap.Bootstrap.init(Bootstrap.java:434) ~[elasticsearch-7.16.2.jar:7.16.2]
	at org.elasticsearch.bootstrap.Elasticsearch.init(Elasticsearch.java:166) ~[elasticsearch-7.16.2.jar:7.16.2]
	... 6 more
Caused by: java.io.IOException: failed to obtain lock on Z:\elasticsearch-7.16.2-windows-x86_64\elasticsearch-7.16.2\data\nodes\0
	at org.elasticsearch.env.NodeEnvironment$NodeLock.<init>(NodeEnvironment.java:236) ~[elasticsearch-7.16.2.jar:7.16.2]
	at org.elasticsearch.env.NodeEnvironment.<init>(NodeEnvironment.java:298) ~[elasticsearch-7.16.2.jar:7.16.2]
	at org.elasticsearch.node.Node.<init>(Node.java:427) ~[elasticsearch-7.16.2.jar:7.16.2]
	at org.elasticsearch.node.Node.<init>(Node.java:309) ~[elasticsearch-7.16.2.jar:7.16.2]
	at org.elasticsearch.bootstrap.Bootstrap$5.<init>(Bootstrap.java:234) ~[elasticsearch-7.16.2.jar:7.16.2]
	at org.elasticsearch.bootstrap.Bootstrap.setup(Bootstrap.java:234) ~[elasticsearch-7.16.2.jar:7.16.2]
	at org.elasticsearch.bootstrap.Bootstrap.init(Bootstrap.java:434) ~[elasticsearch-7.16.2.jar:7.16.2]
	at org.elasticsearch.bootstrap.Elasticsearch.init(Elasticsearch.java:166) ~[elasticsearch-7.16.2.jar:7.16.2]
	... 6 more
Caused by: java.nio.file.FileSystemException: Z:\elasticsearch-7.16.2-windows-x86_64\elasticsearch-7.16.2\data\nodes\0: Incorrect function
	at sun.nio.fs.WindowsException.translateToIOException(WindowsException.java:92) ~[?:?]
	at sun.nio.fs.WindowsException.rethrowAsIOException(WindowsException.java:103) ~[?:?]
	at sun.nio.fs.WindowsException.rethrowAsIOException(WindowsException.java:108) ~[?:?]
	at sun.nio.fs.WindowsLinkSupport.getFinalPath(WindowsLinkSupport.java:82) ~[?:?]
	at sun.nio.fs.WindowsFileStore.create(WindowsFileStore.java:102) ~[?:?]
	at sun.nio.fs.WindowsFileSystemProvider.getFileStore(WindowsFileSystemProvider.java:499) ~[?:?]
	at java.nio.file.Files.getFileStore(Files.java:1498) ~[?:?]
	at org.elasticsearch.env.Environment.getFileStore(Environment.java:379) ~[elasticsearch-7.16.2.jar:7.16.2]
	at org.elasticsearch.env.NodeEnvironment$NodePath.<init>(NodeEnvironment.java:111) ~[elasticsearch-7.16.2.jar:7.16.2]
	at org.elasticsearch.env.NodeEnvironment$NodeLock.<init>(NodeEnvironment.java:230) ~[elasticsearch-7.16.2.jar:7.16.2]
	at org.elasticsearch.env.NodeEnvironment.<init>(NodeEnvironment.java:298) ~[elasticsearch-7.16.2.jar:7.16.2]
	at org.elasticsearch.node.Node.<init>(Node.java:427) ~[elasticsearch-7.16.2.jar:7.16.2]
	at org.elasticsearch.node.Node.<init>(Node.java:309) ~[elasticsearch-7.16.2.jar:7.16.2]
	at org.elasticsearch.bootstrap.Bootstrap$5.<init>(Bootstrap.java:234) ~[elasticsearch-7.16.2.jar:7.16.2]
	at org.elasticsearch.bootstrap.Bootstrap.setup(Bootstrap.java:234) ~[elasticsearch-7.16.2.jar:7.16.2]
	at org.elasticsearch.bootstrap.Bootstrap.init(Bootstrap.java:434) ~[elasticsearch-7.16.2.jar:7.16.2]
	at org.elasticsearch.bootstrap.Elasticsearch.init(Elasticsearch.java:166) ~[elasticsearch-7.16.2.jar:7.16.2]
	... 6 more
[2021-12-21T00:46:53,255][INFO ][o.e.n.Node               ] [DESKTOP-LQSDBBS] version[7.16.2], pid[10920], build[default/zip/2b937c44140b6559905130a8650c64dbd0879cfb/2021-12-18T19:42:46.604893745Z], OS[Windows 10/10.0/amd64], JVM[Eclipse Adoptium/OpenJDK 64-Bit Server VM/17.0.1/17.0.1+12]
[2021-12-21T00:46:53,260][INFO ][o.e.n.Node               ] [DESKTOP-LQSDBBS] JVM home [Z:\elasticsearch-7.16.2-windows-x86_64\elasticsearch-7.16.2\jdk], using bundled JDK [true]
[2021-12-21T00:46:53,260][INFO ][o.e.n.Node               ] [DESKTOP-LQSDBBS] JVM arguments [-Des.networkaddress.cache.ttl=60, -Des.networkaddress.cache.negative.ttl=10, -XX:+AlwaysPreTouch, -Xss1m, -Djava.awt.headless=true, -Dfile.encoding=UTF-8, -Djna.nosys=true, -XX:-OmitStackTraceInFastThrow, -XX:+ShowCodeDetailsInExceptionMessages, -Dio.netty.noUnsafe=true, -Dio.netty.noKeySetOptimization=true, -Dio.netty.recycler.maxCapacityPerThread=0, -Dio.netty.allocator.numDirectArenas=0, -Dlog4j.shutdownHookEnabled=false, -Dlog4j2.disable.jmx=true, -Dlog4j2.formatMsgNoLookups=true, -Djava.locale.providers=SPI,COMPAT, --add-opens=java.base/java.io=ALL-UNNAMED, -Xms262m, -Xmx262m, -XX:+UseG1GC, -Djava.io.tmpdir=C:\Users\toshb\AppData\Local\Temp\elasticsearch, -XX:+HeapDumpOnOutOfMemoryError, -XX:+ExitOnOutOfMemoryError, -XX:HeapDumpPath=data, -XX:ErrorFile=logs/hs_err_pid%p.log, -Xlog:gc*,gc+age=trace,safepoint:file=logs/gc.log:utctime,pid,tags:filecount=32,filesize=64m, -XX:MaxDirectMemorySize=137363456, -XX:G1HeapRegionSize=4m, -XX:InitiatingHeapOccupancyPercent=30, -XX:G1ReservePercent=15, -Delasticsearch, -Des.path.home=Z:\elasticsearch-7.16.2-windows-x86_64\elasticsearch-7.16.2, -Des.path.conf=Z:\elasticsearch-7.16.2-windows-x86_64\elasticsearch-7.16.2\config, -Des.distribution.flavor=default, -Des.distribution.type=zip, -Des.bundled_jdk=true]
[2021-12-21T00:46:55,935][INFO ][o.e.p.PluginsService     ] [DESKTOP-LQSDBBS] loaded module [aggs-matrix-stats]
[2021-12-21T00:46:55,935][INFO ][o.e.p.PluginsService     ] [DESKTOP-LQSDBBS] loaded module [analysis-common]
[2021-12-21T00:46:55,937][INFO ][o.e.p.PluginsService     ] [DESKTOP-LQSDBBS] loaded module [constant-keyword]
[2021-12-21T00:46:55,937][INFO ][o.e.p.PluginsService     ] [DESKTOP-LQSDBBS] loaded module [frozen-indices]
[2021-12-21T00:46:55,941][INFO ][o.e.p.PluginsService     ] [DESKTOP-LQSDBBS] loaded module [ingest-common]
[2021-12-21T00:46:55,942][INFO ][o.e.p.PluginsService     ] [DESKTOP-LQSDBBS] loaded module [ingest-geoip]
[2021-12-21T00:46:55,943][INFO ][o.e.p.PluginsService     ] [DESKTOP-LQSDBBS] loaded module [ingest-user-agent]
[2021-12-21T00:46:55,944][INFO ][o.e.p.PluginsService     ] [DESKTOP-LQSDBBS] loaded module [kibana]
[2021-12-21T00:46:55,946][INFO ][o.e.p.PluginsService     ] [DESKTOP-LQSDBBS] loaded module [lang-expression]
[2021-12-21T00:46:55,951][INFO ][o.e.p.PluginsService     ] [DESKTOP-LQSDBBS] loaded module [lang-mustache]
[2021-12-21T00:46:55,952][INFO ][o.e.p.PluginsService     ] [DESKTOP-LQSDBBS] loaded module [lang-painless]
[2021-12-21T00:46:55,955][INFO ][o.e.p.PluginsService     ] [DESKTOP-LQSDBBS] loaded module [legacy-geo]
[2021-12-21T00:46:55,957][INFO ][o.e.p.PluginsService     ] [DESKTOP-LQSDBBS] loaded module [mapper-extras]
[2021-12-21T00:46:55,958][INFO ][o.e.p.PluginsService     ] [DESKTOP-LQSDBBS] loaded module [mapper-version]
[2021-12-21T00:46:55,958][INFO ][o.e.p.PluginsService     ] [DESKTOP-LQSDBBS] loaded module [parent-join]
[2021-12-21T00:46:55,959][INFO ][o.e.p.PluginsService     ] [DESKTOP-LQSDBBS] loaded module [percolator]
[2021-12-21T00:46:55,959][INFO ][o.e.p.PluginsService     ] [DESKTOP-LQSDBBS] loaded module [rank-eval]
[2021-12-21T00:46:55,960][INFO ][o.e.p.PluginsService     ] [DESKTOP-LQSDBBS] loaded module [reindex]
[2021-12-21T00:46:55,961][INFO ][o.e.p.PluginsService     ] [DESKTOP-LQSDBBS] loaded module [repositories-metering-api]
[2021-12-21T00:46:55,961][INFO ][o.e.p.PluginsService     ] [DESKTOP-LQSDBBS] loaded module [repository-encrypted]
[2021-12-21T00:46:55,962][INFO ][o.e.p.PluginsService     ] [DESKTOP-LQSDBBS] loaded module [repository-url]
[2021-12-21T00:46:55,963][INFO ][o.e.p.PluginsService     ] [DESKTOP-LQSDBBS] loaded module [runtime-fields-common]
[2021-12-21T00:46:55,963][INFO ][o.e.p.PluginsService     ] [DESKTOP-LQSDBBS] loaded module [search-business-rules]
[2021-12-21T00:46:55,964][INFO ][o.e.p.PluginsService     ] [DESKTOP-LQSDBBS] loaded module [searchable-snapshots]
[2021-12-21T00:46:55,965][INFO ][o.e.p.PluginsService     ] [DESKTOP-LQSDBBS] loaded module [snapshot-repo-test-kit]
[2021-12-21T00:46:55,966][INFO ][o.e.p.PluginsService     ] [DESKTOP-LQSDBBS] loaded module [spatial]
[2021-12-21T00:46:55,966][INFO ][o.e.p.PluginsService     ] [DESKTOP-LQSDBBS] loaded module [transform]
[2021-12-21T00:46:55,971][INFO ][o.e.p.PluginsService     ] [DESKTOP-LQSDBBS] loaded module [transport-netty4]
[2021-12-21T00:46:55,975][INFO ][o.e.p.PluginsService     ] [DESKTOP-LQSDBBS] loaded module [unsigned-long]
[2021-12-21T00:46:55,976][INFO ][o.e.p.PluginsService     ] [DESKTOP-LQSDBBS] loaded module [vector-tile]
[2021-12-21T00:46:55,977][INFO ][o.e.p.PluginsService     ] [DESKTOP-LQSDBBS] loaded module [vectors]
[2021-12-21T00:46:55,977][INFO ][o.e.p.PluginsService     ] [DESKTOP-LQSDBBS] loaded module [wildcard]
[2021-12-21T00:46:55,977][INFO ][o.e.p.PluginsService     ] [DESKTOP-LQSDBBS] loaded module [x-pack-aggregate-metric]
[2021-12-21T00:46:55,978][INFO ][o.e.p.PluginsService     ] [DESKTOP-LQSDBBS] loaded module [x-pack-analytics]
[2021-12-21T00:46:55,979][INFO ][o.e.p.PluginsService     ] [DESKTOP-LQSDBBS] loaded module [x-pack-async]
[2021-12-21T00:46:55,979][INFO ][o.e.p.PluginsService     ] [DESKTOP-LQSDBBS] loaded module [x-pack-async-search]
[2021-12-21T00:46:55,980][INFO ][o.e.p.PluginsService     ] [DESKTOP-LQSDBBS] loaded module [x-pack-autoscaling]
[2021-12-21T00:46:55,981][INFO ][o.e.p.PluginsService     ] [DESKTOP-LQSDBBS] loaded module [x-pack-ccr]
[2021-12-21T00:46:55,982][INFO ][o.e.p.PluginsService     ] [DESKTOP-LQSDBBS] loaded module [x-pack-core]
[2021-12-21T00:46:55,983][INFO ][o.e.p.PluginsService     ] [DESKTOP-LQSDBBS] loaded module [x-pack-data-streams]
[2021-12-21T00:46:55,988][INFO ][o.e.p.PluginsService     ] [DESKTOP-LQSDBBS] loaded module [x-pack-deprecation]
[2021-12-21T00:46:55,990][INFO ][o.e.p.PluginsService     ] [DESKTOP-LQSDBBS] loaded module [x-pack-enrich]
[2021-12-21T00:46:55,990][INFO ][o.e.p.PluginsService     ] [DESKTOP-LQSDBBS] loaded module [x-pack-eql]
[2021-12-21T00:46:55,991][INFO ][o.e.p.PluginsService     ] [DESKTOP-LQSDBBS] loaded module [x-pack-fleet]
[2021-12-21T00:46:55,992][INFO ][o.e.p.PluginsService     ] [DESKTOP-LQSDBBS] loaded module [x-pack-graph]
[2021-12-21T00:46:55,992][INFO ][o.e.p.PluginsService     ] [DESKTOP-LQSDBBS] loaded module [x-pack-identity-provider]
[2021-12-21T00:46:55,993][INFO ][o.e.p.PluginsService     ] [DESKTOP-LQSDBBS] loaded module [x-pack-ilm]
[2021-12-21T00:46:55,994][INFO ][o.e.p.PluginsService     ] [DESKTOP-LQSDBBS] loaded module [x-pack-logstash]
[2021-12-21T00:46:55,994][INFO ][o.e.p.PluginsService     ] [DESKTOP-LQSDBBS] loaded module [x-pack-ml]
[2021-12-21T00:46:55,995][INFO ][o.e.p.PluginsService     ] [DESKTOP-LQSDBBS] loaded module [x-pack-monitoring]
[2021-12-21T00:46:55,996][INFO ][o.e.p.PluginsService     ] [DESKTOP-LQSDBBS] loaded module [x-pack-ql]
[2021-12-21T00:46:55,996][INFO ][o.e.p.PluginsService     ] [DESKTOP-LQSDBBS] loaded module [x-pack-rollup]
[2021-12-21T00:46:55,997][INFO ][o.e.p.PluginsService     ] [DESKTOP-LQSDBBS] loaded module [x-pack-security]
[2021-12-21T00:46:55,997][INFO ][o.e.p.PluginsService     ] [DESKTOP-LQSDBBS] loaded module [x-pack-shutdown]
[2021-12-21T00:46:55,998][INFO ][o.e.p.PluginsService     ] [DESKTOP-LQSDBBS] loaded module [x-pack-sql]
[2021-12-21T00:46:55,999][INFO ][o.e.p.PluginsService     ] [DESKTOP-LQSDBBS] loaded module [x-pack-stack]
[2021-12-21T00:46:56,002][INFO ][o.e.p.PluginsService     ] [DESKTOP-LQSDBBS] loaded module [x-pack-text-structure]
[2021-12-21T00:46:56,005][INFO ][o.e.p.PluginsService     ] [DESKTOP-LQSDBBS] loaded module [x-pack-voting-only-node]
[2021-12-21T00:46:56,006][INFO ][o.e.p.PluginsService     ] [DESKTOP-LQSDBBS] loaded module [x-pack-watcher]
[2021-12-21T00:46:56,007][INFO ][o.e.p.PluginsService     ] [DESKTOP-LQSDBBS] no plugins loaded
[2021-12-21T00:46:56,449][ERROR][o.e.b.Bootstrap          ] [DESKTOP-LQSDBBS] Exception
java.lang.IllegalStateException: failed to obtain node locks, tried [[Z:\elasticsearch-7.16.2-windows-x86_64\elasticsearch-7.16.2\data]] with lock id [0]; maybe these locations are not writable or multiple nodes were started without increasing [node.max_local_storage_nodes] (was [1])?
	at org.elasticsearch.env.NodeEnvironment.<init>(NodeEnvironment.java:328) ~[elasticsearch-7.16.2.jar:7.16.2]
	at org.elasticsearch.node.Node.<init>(Node.java:427) ~[elasticsearch-7.16.2.jar:7.16.2]
	at org.elasticsearch.node.Node.<init>(Node.java:309) ~[elasticsearch-7.16.2.jar:7.16.2]
	at org.elasticsearch.bootstrap.Bootstrap$5.<init>(Bootstrap.java:234) ~[elasticsearch-7.16.2.jar:7.16.2]
	at org.elasticsearch.bootstrap.Bootstrap.setup(Bootstrap.java:234) ~[elasticsearch-7.16.2.jar:7.16.2]
	at org.elasticsearch.bootstrap.Bootstrap.init(Bootstrap.java:434) [elasticsearch-7.16.2.jar:7.16.2]
	at org.elasticsearch.bootstrap.Elasticsearch.init(Elasticsearch.java:166) [elasticsearch-7.16.2.jar:7.16.2]
	at org.elasticsearch.bootstrap.Elasticsearch.execute(Elasticsearch.java:157) [elasticsearch-7.16.2.jar:7.16.2]
	at org.elasticsearch.cli.EnvironmentAwareCommand.execute(EnvironmentAwareCommand.java:77) [elasticsearch-7.16.2.jar:7.16.2]
	at org.elasticsearch.cli.Command.mainWithoutErrorHandling(Command.java:112) [elasticsearch-cli-7.16.2.jar:7.16.2]
	at org.elasticsearch.cli.Command.main(Command.java:77) [elasticsearch-cli-7.16.2.jar:7.16.2]
	at org.elasticsearch.bootstrap.Elasticsearch.main(Elasticsearch.java:122) [elasticsearch-7.16.2.jar:7.16.2]
	at org.elasticsearch.bootstrap.Elasticsearch.main(Elasticsearch.java:80) [elasticsearch-7.16.2.jar:7.16.2]
Caused by: java.io.IOException: failed to obtain lock on Z:\elasticsearch-7.16.2-windows-x86_64\elasticsearch-7.16.2\data\nodes\0
	at org.elasticsearch.env.NodeEnvironment$NodeLock.<init>(NodeEnvironment.java:236) ~[elasticsearch-7.16.2.jar:7.16.2]
	at org.elasticsearch.env.NodeEnvironment.<init>(NodeEnvironment.java:298) ~[elasticsearch-7.16.2.jar:7.16.2]
	... 12 more
Caused by: java.nio.file.FileSystemException: Z:\elasticsearch-7.16.2-windows-x86_64\elasticsearch-7.16.2\data\nodes\0: Incorrect function
	at sun.nio.fs.WindowsException.translateToIOException(WindowsException.java:92) ~[?:?]
	at sun.nio.fs.WindowsException.rethrowAsIOException(WindowsException.java:103) ~[?:?]
	at sun.nio.fs.WindowsException.rethrowAsIOException(WindowsException.java:108) ~[?:?]
	at sun.nio.fs.WindowsLinkSupport.getFinalPath(WindowsLinkSupport.java:82) ~[?:?]
	at sun.nio.fs.WindowsFileStore.create(WindowsFileStore.java:102) ~[?:?]
	at sun.nio.fs.WindowsFileSystemProvider.getFileStore(WindowsFileSystemProvider.java:499) ~[?:?]
	at java.nio.file.Files.getFileStore(Files.java:1498) ~[?:?]
	at org.elasticsearch.env.Environment.getFileStore(Environment.java:379) ~[elasticsearch-7.16.2.jar:7.16.2]
	at org.elasticsearch.env.NodeEnvironment$NodePath.<init>(NodeEnvironment.java:111) ~[elasticsearch-7.16.2.jar:7.16.2]
	at org.elasticsearch.env.NodeEnvironment$NodeLock.<init>(NodeEnvironment.java:230) ~[elasticsearch-7.16.2.jar:7.16.2]
	at org.elasticsearch.env.NodeEnvironment.<init>(NodeEnvironment.java:298) ~[elasticsearch-7.16.2.jar:7.16.2]
	... 12 more
[2021-12-21T00:46:56,461][ERROR][o.e.b.ElasticsearchUncaughtExceptionHandler] [DESKTOP-LQSDBBS] uncaught exception in thread [main]
org.elasticsearch.bootstrap.StartupException: java.lang.IllegalStateException: failed to obtain node locks, tried [[Z:\elasticsearch-7.16.2-windows-x86_64\elasticsearch-7.16.2\data]] with lock id [0]; maybe these locations are not writable or multiple nodes were started without increasing [node.max_local_storage_nodes] (was [1])?
	at org.elasticsearch.bootstrap.Elasticsearch.init(Elasticsearch.java:170) ~[elasticsearch-7.16.2.jar:7.16.2]
	at org.elasticsearch.bootstrap.Elasticsearch.execute(Elasticsearch.java:157) ~[elasticsearch-7.16.2.jar:7.16.2]
	at org.elasticsearch.cli.EnvironmentAwareCommand.execute(EnvironmentAwareCommand.java:77) ~[elasticsearch-7.16.2.jar:7.16.2]
	at org.elasticsearch.cli.Command.mainWithoutErrorHandling(Command.java:112) ~[elasticsearch-cli-7.16.2.jar:7.16.2]
	at org.elasticsearch.cli.Command.main(Command.java:77) ~[elasticsearch-cli-7.16.2.jar:7.16.2]
	at org.elasticsearch.bootstrap.Elasticsearch.main(Elasticsearch.java:122) ~[elasticsearch-7.16.2.jar:7.16.2]
	at org.elasticsearch.bootstrap.Elasticsearch.main(Elasticsearch.java:80) ~[elasticsearch-7.16.2.jar:7.16.2]
Caused by: java.lang.IllegalStateException: failed to obtain node locks, tried [[Z:\elasticsearch-7.16.2-windows-x86_64\elasticsearch-7.16.2\data]] with lock id [0]; maybe these locations are not writable or multiple nodes were started without increasing [node.max_local_storage_nodes] (was [1])?
	at org.elasticsearch.env.NodeEnvironment.<init>(NodeEnvironment.java:328) ~[elasticsearch-7.16.2.jar:7.16.2]
	at org.elasticsearch.node.Node.<init>(Node.java:427) ~[elasticsearch-7.16.2.jar:7.16.2]
	at org.elasticsearch.node.Node.<init>(Node.java:309) ~[elasticsearch-7.16.2.jar:7.16.2]
	at org.elasticsearch.bootstrap.Bootstrap$5.<init>(Bootstrap.java:234) ~[elasticsearch-7.16.2.jar:7.16.2]
	at org.elasticsearch.bootstrap.Bootstrap.setup(Bootstrap.java:234) ~[elasticsearch-7.16.2.jar:7.16.2]
	at org.elasticsearch.bootstrap.Bootstrap.init(Bootstrap.java:434) ~[elasticsearch-7.16.2.jar:7.16.2]
	at org.elasticsearch.bootstrap.Elasticsearch.init(Elasticsearch.java:166) ~[elasticsearch-7.16.2.jar:7.16.2]
	... 6 more
Caused by: java.io.IOException: failed to obtain lock on Z:\elasticsearch-7.16.2-windows-x86_64\elasticsearch-7.16.2\data\nodes\0
	at org.elasticsearch.env.NodeEnvironment$NodeLock.<init>(NodeEnvironment.java:236) ~[elasticsearch-7.16.2.jar:7.16.2]
	at org.elasticsearch.env.NodeEnvironment.<init>(NodeEnvironment.java:298) ~[elasticsearch-7.16.2.jar:7.16.2]
	at org.elasticsearch.node.Node.<init>(Node.java:427) ~[elasticsearch-7.16.2.jar:7.16.2]
	at org.elasticsearch.node.Node.<init>(Node.java:309) ~[elasticsearch-7.16.2.jar:7.16.2]
	at org.elasticsearch.bootstrap.Bootstrap$5.<init>(Bootstrap.java:234) ~[elasticsearch-7.16.2.jar:7.16.2]
	at org.elasticsearch.bootstrap.Bootstrap.setup(Bootstrap.java:234) ~[elasticsearch-7.16.2.jar:7.16.2]
	at org.elasticsearch.bootstrap.Bootstrap.init(Bootstrap.java:434) ~[elasticsearch-7.16.2.jar:7.16.2]
	at org.elasticsearch.bootstrap.Elasticsearch.init(Elasticsearch.java:166) ~[elasticsearch-7.16.2.jar:7.16.2]
	... 6 more
Caused by: java.nio.file.FileSystemException: Z:\elasticsearch-7.16.2-windows-x86_64\elasticsearch-7.16.2\data\nodes\0: Incorrect function
	at sun.nio.fs.WindowsException.translateToIOException(WindowsException.java:92) ~[?:?]
	at sun.nio.fs.WindowsException.rethrowAsIOException(WindowsException.java:103) ~[?:?]
	at sun.nio.fs.WindowsException.rethrowAsIOException(WindowsException.java:108) ~[?:?]
	at sun.nio.fs.WindowsLinkSupport.getFinalPath(WindowsLinkSupport.java:82) ~[?:?]
	at sun.nio.fs.WindowsFileStore.create(WindowsFileStore.java:102) ~[?:?]
	at sun.nio.fs.WindowsFileSystemProvider.getFileStore(WindowsFileSystemProvider.java:499) ~[?:?]
	at java.nio.file.Files.getFileStore(Files.java:1498) ~[?:?]
	at org.elasticsearch.env.Environment.getFileStore(Environment.java:379) ~[elasticsearch-7.16.2.jar:7.16.2]
	at org.elasticsearch.env.NodeEnvironment$NodePath.<init>(NodeEnvironment.java:111) ~[elasticsearch-7.16.2.jar:7.16.2]
	at org.elasticsearch.env.NodeEnvironment$NodeLock.<init>(NodeEnvironment.java:230) ~[elasticsearch-7.16.2.jar:7.16.2]
	at org.elasticsearch.env.NodeEnvironment.<init>(NodeEnvironment.java:298) ~[elasticsearch-7.16.2.jar:7.16.2]
	at org.elasticsearch.node.Node.<init>(Node.java:427) ~[elasticsearch-7.16.2.jar:7.16.2]
	at org.elasticsearch.node.Node.<init>(Node.java:309) ~[elasticsearch-7.16.2.jar:7.16.2]
	at org.elasticsearch.bootstrap.Bootstrap$5.<init>(Bootstrap.java:234) ~[elasticsearch-7.16.2.jar:7.16.2]
	at org.elasticsearch.bootstrap.Bootstrap.setup(Bootstrap.java:234) ~[elasticsearch-7.16.2.jar:7.16.2]
	at org.elasticsearch.bootstrap.Bootstrap.init(Bootstrap.java:434) ~[elasticsearch-7.16.2.jar:7.16.2]
	at org.elasticsearch.bootstrap.Elasticsearch.init(Elasticsearch.java:166) ~[elasticsearch-7.16.2.jar:7.16.2]
	... 6 more
[2021-12-21T00:47:32,408][INFO ][o.e.n.Node               ] [DESKTOP-LQSDBBS] version[7.16.2], pid[12576], build[default/zip/2b937c44140b6559905130a8650c64dbd0879cfb/2021-12-18T19:42:46.604893745Z], OS[Windows 10/10.0/amd64], JVM[Eclipse Adoptium/OpenJDK 64-Bit Server VM/17.0.1/17.0.1+12]
[2021-12-21T00:47:32,413][INFO ][o.e.n.Node               ] [DESKTOP-LQSDBBS] JVM home [Z:\elasticsearch-7.16.2-windows-x86_64\elasticsearch-7.16.2\jdk], using bundled JDK [true]
[2021-12-21T00:47:32,413][INFO ][o.e.n.Node               ] [DESKTOP-LQSDBBS] JVM arguments [-Des.networkaddress.cache.ttl=60, -Des.networkaddress.cache.negative.ttl=10, -XX:+AlwaysPreTouch, -Xss1m, -Djava.awt.headless=true, -Dfile.encoding=UTF-8, -Djna.nosys=true, -XX:-OmitStackTraceInFastThrow, -XX:+ShowCodeDetailsInExceptionMessages, -Dio.netty.noUnsafe=true, -Dio.netty.noKeySetOptimization=true, -Dio.netty.recycler.maxCapacityPerThread=0, -Dio.netty.allocator.numDirectArenas=0, -Dlog4j.shutdownHookEnabled=false, -Dlog4j2.disable.jmx=true, -Dlog4j2.formatMsgNoLookups=true, -Djava.locale.providers=SPI,COMPAT, --add-opens=java.base/java.io=ALL-UNNAMED, -Xms262m, -Xmx262m, -XX:+UseG1GC, -Djava.io.tmpdir=C:\Users\toshb\AppData\Local\Temp\elasticsearch, -XX:+HeapDumpOnOutOfMemoryError, -XX:+ExitOnOutOfMemoryError, -XX:HeapDumpPath=data, -XX:ErrorFile=logs/hs_err_pid%p.log, -Xlog:gc*,gc+age=trace,safepoint:file=logs/gc.log:utctime,pid,tags:filecount=32,filesize=64m, -XX:MaxDirectMemorySize=137363456, -XX:G1HeapRegionSize=4m, -XX:InitiatingHeapOccupancyPercent=30, -XX:G1ReservePercent=15, -Delasticsearch, -Des.path.home=Z:\elasticsearch-7.16.2-windows-x86_64\elasticsearch-7.16.2, -Des.path.conf=Z:\elasticsearch-7.16.2-windows-x86_64\elasticsearch-7.16.2\config, -Des.distribution.flavor=default, -Des.distribution.type=zip, -Des.bundled_jdk=true]
[2021-12-21T00:47:35,108][INFO ][o.e.p.PluginsService     ] [DESKTOP-LQSDBBS] loaded module [aggs-matrix-stats]
[2021-12-21T00:47:35,108][INFO ][o.e.p.PluginsService     ] [DESKTOP-LQSDBBS] loaded module [analysis-common]
[2021-12-21T00:47:35,110][INFO ][o.e.p.PluginsService     ] [DESKTOP-LQSDBBS] loaded module [constant-keyword]
[2021-12-21T00:47:35,112][INFO ][o.e.p.PluginsService     ] [DESKTOP-LQSDBBS] loaded module [frozen-indices]
[2021-12-21T00:47:35,113][INFO ][o.e.p.PluginsService     ] [DESKTOP-LQSDBBS] loaded module [ingest-common]
[2021-12-21T00:47:35,113][INFO ][o.e.p.PluginsService     ] [DESKTOP-LQSDBBS] loaded module [ingest-geoip]
[2021-12-21T00:47:35,114][INFO ][o.e.p.PluginsService     ] [DESKTOP-LQSDBBS] loaded module [ingest-user-agent]
[2021-12-21T00:47:35,114][INFO ][o.e.p.PluginsService     ] [DESKTOP-LQSDBBS] loaded module [kibana]
[2021-12-21T00:47:35,116][INFO ][o.e.p.PluginsService     ] [DESKTOP-LQSDBBS] loaded module [lang-expression]
[2021-12-21T00:47:35,117][INFO ][o.e.p.PluginsService     ] [DESKTOP-LQSDBBS] loaded module [lang-mustache]
[2021-12-21T00:47:35,118][INFO ][o.e.p.PluginsService     ] [DESKTOP-LQSDBBS] loaded module [lang-painless]
[2021-12-21T00:47:35,123][INFO ][o.e.p.PluginsService     ] [DESKTOP-LQSDBBS] loaded module [legacy-geo]
[2021-12-21T00:47:35,125][INFO ][o.e.p.PluginsService     ] [DESKTOP-LQSDBBS] loaded module [mapper-extras]
[2021-12-21T00:47:35,126][INFO ][o.e.p.PluginsService     ] [DESKTOP-LQSDBBS] loaded module [mapper-version]
[2021-12-21T00:47:35,127][INFO ][o.e.p.PluginsService     ] [DESKTOP-LQSDBBS] loaded module [parent-join]
[2021-12-21T00:47:35,127][INFO ][o.e.p.PluginsService     ] [DESKTOP-LQSDBBS] loaded module [percolator]
[2021-12-21T00:47:35,128][INFO ][o.e.p.PluginsService     ] [DESKTOP-LQSDBBS] loaded module [rank-eval]
[2021-12-21T00:47:35,129][INFO ][o.e.p.PluginsService     ] [DESKTOP-LQSDBBS] loaded module [reindex]
[2021-12-21T00:47:35,129][INFO ][o.e.p.PluginsService     ] [DESKTOP-LQSDBBS] loaded module [repositories-metering-api]
[2021-12-21T00:47:35,130][INFO ][o.e.p.PluginsService     ] [DESKTOP-LQSDBBS] loaded module [repository-encrypted]
[2021-12-21T00:47:35,130][INFO ][o.e.p.PluginsService     ] [DESKTOP-LQSDBBS] loaded module [repository-url]
[2021-12-21T00:47:35,131][INFO ][o.e.p.PluginsService     ] [DESKTOP-LQSDBBS] loaded module [runtime-fields-common]
[2021-12-21T00:47:35,132][INFO ][o.e.p.PluginsService     ] [DESKTOP-LQSDBBS] loaded module [search-business-rules]
[2021-12-21T00:47:35,133][INFO ][o.e.p.PluginsService     ] [DESKTOP-LQSDBBS] loaded module [searchable-snapshots]
[2021-12-21T00:47:35,133][INFO ][o.e.p.PluginsService     ] [DESKTOP-LQSDBBS] loaded module [snapshot-repo-test-kit]
[2021-12-21T00:47:35,134][INFO ][o.e.p.PluginsService     ] [DESKTOP-LQSDBBS] loaded module [spatial]
[2021-12-21T00:47:35,139][INFO ][o.e.p.PluginsService     ] [DESKTOP-LQSDBBS] loaded module [transform]
[2021-12-21T00:47:35,141][INFO ][o.e.p.PluginsService     ] [DESKTOP-LQSDBBS] loaded module [transport-netty4]
[2021-12-21T00:47:35,142][INFO ][o.e.p.PluginsService     ] [DESKTOP-LQSDBBS] loaded module [unsigned-long]
[2021-12-21T00:47:35,142][INFO ][o.e.p.PluginsService     ] [DESKTOP-LQSDBBS] loaded module [vector-tile]
[2021-12-21T00:47:35,143][INFO ][o.e.p.PluginsService     ] [DESKTOP-LQSDBBS] loaded module [vectors]
[2021-12-21T00:47:35,144][INFO ][o.e.p.PluginsService     ] [DESKTOP-LQSDBBS] loaded module [wildcard]
[2021-12-21T00:47:35,144][INFO ][o.e.p.PluginsService     ] [DESKTOP-LQSDBBS] loaded module [x-pack-aggregate-metric]
[2021-12-21T00:47:35,145][INFO ][o.e.p.PluginsService     ] [DESKTOP-LQSDBBS] loaded module [x-pack-analytics]
[2021-12-21T00:47:35,146][INFO ][o.e.p.PluginsService     ] [DESKTOP-LQSDBBS] loaded module [x-pack-async]
[2021-12-21T00:47:35,146][INFO ][o.e.p.PluginsService     ] [DESKTOP-LQSDBBS] loaded module [x-pack-async-search]
[2021-12-21T00:47:35,146][INFO ][o.e.p.PluginsService     ] [DESKTOP-LQSDBBS] loaded module [x-pack-autoscaling]
[2021-12-21T00:47:35,147][INFO ][o.e.p.PluginsService     ] [DESKTOP-LQSDBBS] loaded module [x-pack-ccr]
[2021-12-21T00:47:35,148][INFO ][o.e.p.PluginsService     ] [DESKTOP-LQSDBBS] loaded module [x-pack-core]
[2021-12-21T00:47:35,149][INFO ][o.e.p.PluginsService     ] [DESKTOP-LQSDBBS] loaded module [x-pack-data-streams]
[2021-12-21T00:47:35,152][INFO ][o.e.p.PluginsService     ] [DESKTOP-LQSDBBS] loaded module [x-pack-deprecation]
[2021-12-21T00:47:35,157][INFO ][o.e.p.PluginsService     ] [DESKTOP-LQSDBBS] loaded module [x-pack-enrich]
[2021-12-21T00:47:35,158][INFO ][o.e.p.PluginsService     ] [DESKTOP-LQSDBBS] loaded module [x-pack-eql]
[2021-12-21T00:47:35,158][INFO ][o.e.p.PluginsService     ] [DESKTOP-LQSDBBS] loaded module [x-pack-fleet]
[2021-12-21T00:47:35,159][INFO ][o.e.p.PluginsService     ] [DESKTOP-LQSDBBS] loaded module [x-pack-graph]
[2021-12-21T00:47:35,159][INFO ][o.e.p.PluginsService     ] [DESKTOP-LQSDBBS] loaded module [x-pack-identity-provider]
[2021-12-21T00:47:35,160][INFO ][o.e.p.PluginsService     ] [DESKTOP-LQSDBBS] loaded module [x-pack-ilm]
[2021-12-21T00:47:35,160][INFO ][o.e.p.PluginsService     ] [DESKTOP-LQSDBBS] loaded module [x-pack-logstash]
[2021-12-21T00:47:35,161][INFO ][o.e.p.PluginsService     ] [DESKTOP-LQSDBBS] loaded module [x-pack-ml]
[2021-12-21T00:47:35,162][INFO ][o.e.p.PluginsService     ] [DESKTOP-LQSDBBS] loaded module [x-pack-monitoring]
[2021-12-21T00:47:35,162][INFO ][o.e.p.PluginsService     ] [DESKTOP-LQSDBBS] loaded module [x-pack-ql]
[2021-12-21T00:47:35,162][INFO ][o.e.p.PluginsService     ] [DESKTOP-LQSDBBS] loaded module [x-pack-rollup]
[2021-12-21T00:47:35,162][INFO ][o.e.p.PluginsService     ] [DESKTOP-LQSDBBS] loaded module [x-pack-security]
[2021-12-21T00:47:35,163][INFO ][o.e.p.PluginsService     ] [DESKTOP-LQSDBBS] loaded module [x-pack-shutdown]
[2021-12-21T00:47:35,164][INFO ][o.e.p.PluginsService     ] [DESKTOP-LQSDBBS] loaded module [x-pack-sql]
[2021-12-21T00:47:35,167][INFO ][o.e.p.PluginsService     ] [DESKTOP-LQSDBBS] loaded module [x-pack-stack]
[2021-12-21T00:47:35,168][INFO ][o.e.p.PluginsService     ] [DESKTOP-LQSDBBS] loaded module [x-pack-text-structure]
[2021-12-21T00:47:35,171][INFO ][o.e.p.PluginsService     ] [DESKTOP-LQSDBBS] loaded module [x-pack-voting-only-node]
[2021-12-21T00:47:35,172][INFO ][o.e.p.PluginsService     ] [DESKTOP-LQSDBBS] loaded module [x-pack-watcher]
[2021-12-21T00:47:35,176][INFO ][o.e.p.PluginsService     ] [DESKTOP-LQSDBBS] no plugins loaded
[2021-12-21T00:47:35,586][ERROR][o.e.b.Bootstrap          ] [DESKTOP-LQSDBBS] Exception
java.lang.IllegalStateException: failed to obtain node locks, tried [[Z:\elasticsearch-7.16.2-windows-x86_64\elasticsearch-7.16.2\data]] with lock id [0]; maybe these locations are not writable or multiple nodes were started without increasing [node.max_local_storage_nodes] (was [1])?
	at org.elasticsearch.env.NodeEnvironment.<init>(NodeEnvironment.java:328) ~[elasticsearch-7.16.2.jar:7.16.2]
	at org.elasticsearch.node.Node.<init>(Node.java:427) ~[elasticsearch-7.16.2.jar:7.16.2]
	at org.elasticsearch.node.Node.<init>(Node.java:309) ~[elasticsearch-7.16.2.jar:7.16.2]
	at org.elasticsearch.bootstrap.Bootstrap$5.<init>(Bootstrap.java:234) ~[elasticsearch-7.16.2.jar:7.16.2]
	at org.elasticsearch.bootstrap.Bootstrap.setup(Bootstrap.java:234) ~[elasticsearch-7.16.2.jar:7.16.2]
	at org.elasticsearch.bootstrap.Bootstrap.init(Bootstrap.java:434) [elasticsearch-7.16.2.jar:7.16.2]
	at org.elasticsearch.bootstrap.Elasticsearch.init(Elasticsearch.java:166) [elasticsearch-7.16.2.jar:7.16.2]
	at org.elasticsearch.bootstrap.Elasticsearch.execute(Elasticsearch.java:157) [elasticsearch-7.16.2.jar:7.16.2]
	at org.elasticsearch.cli.EnvironmentAwareCommand.execute(EnvironmentAwareCommand.java:77) [elasticsearch-7.16.2.jar:7.16.2]
	at org.elasticsearch.cli.Command.mainWithoutErrorHandling(Command.java:112) [elasticsearch-cli-7.16.2.jar:7.16.2]
	at org.elasticsearch.cli.Command.main(Command.java:77) [elasticsearch-cli-7.16.2.jar:7.16.2]
	at org.elasticsearch.bootstrap.Elasticsearch.main(Elasticsearch.java:122) [elasticsearch-7.16.2.jar:7.16.2]
	at org.elasticsearch.bootstrap.Elasticsearch.main(Elasticsearch.java:80) [elasticsearch-7.16.2.jar:7.16.2]
Caused by: java.io.IOException: failed to obtain lock on Z:\elasticsearch-7.16.2-windows-x86_64\elasticsearch-7.16.2\data\nodes\0
	at org.elasticsearch.env.NodeEnvironment$NodeLock.<init>(NodeEnvironment.java:236) ~[elasticsearch-7.16.2.jar:7.16.2]
	at org.elasticsearch.env.NodeEnvironment.<init>(NodeEnvironment.java:298) ~[elasticsearch-7.16.2.jar:7.16.2]
	... 12 more
Caused by: java.nio.file.FileSystemException: Z:\elasticsearch-7.16.2-windows-x86_64\elasticsearch-7.16.2\data\nodes\0: Incorrect function
	at sun.nio.fs.WindowsException.translateToIOException(WindowsException.java:92) ~[?:?]
	at sun.nio.fs.WindowsException.rethrowAsIOException(WindowsException.java:103) ~[?:?]
	at sun.nio.fs.WindowsException.rethrowAsIOException(WindowsException.java:108) ~[?:?]
	at sun.nio.fs.WindowsLinkSupport.getFinalPath(WindowsLinkSupport.java:82) ~[?:?]
	at sun.nio.fs.WindowsFileStore.create(WindowsFileStore.java:102) ~[?:?]
	at sun.nio.fs.WindowsFileSystemProvider.getFileStore(WindowsFileSystemProvider.java:499) ~[?:?]
	at java.nio.file.Files.getFileStore(Files.java:1498) ~[?:?]
	at org.elasticsearch.env.Environment.getFileStore(Environment.java:379) ~[elasticsearch-7.16.2.jar:7.16.2]
	at org.elasticsearch.env.NodeEnvironment$NodePath.<init>(NodeEnvironment.java:111) ~[elasticsearch-7.16.2.jar:7.16.2]
	at org.elasticsearch.env.NodeEnvironment$NodeLock.<init>(NodeEnvironment.java:230) ~[elasticsearch-7.16.2.jar:7.16.2]
	at org.elasticsearch.env.NodeEnvironment.<init>(NodeEnvironment.java:298) ~[elasticsearch-7.16.2.jar:7.16.2]
	... 12 more
[2021-12-21T00:47:35,594][ERROR][o.e.b.ElasticsearchUncaughtExceptionHandler] [DESKTOP-LQSDBBS] uncaught exception in thread [main]
org.elasticsearch.bootstrap.StartupException: java.lang.IllegalStateException: failed to obtain node locks, tried [[Z:\elasticsearch-7.16.2-windows-x86_64\elasticsearch-7.16.2\data]] with lock id [0]; maybe these locations are not writable or multiple nodes were started without increasing [node.max_local_storage_nodes] (was [1])?
	at org.elasticsearch.bootstrap.Elasticsearch.init(Elasticsearch.java:170) ~[elasticsearch-7.16.2.jar:7.16.2]
	at org.elasticsearch.bootstrap.Elasticsearch.execute(Elasticsearch.java:157) ~[elasticsearch-7.16.2.jar:7.16.2]
	at org.elasticsearch.cli.EnvironmentAwareCommand.execute(EnvironmentAwareCommand.java:77) ~[elasticsearch-7.16.2.jar:7.16.2]
	at org.elasticsearch.cli.Command.mainWithoutErrorHandling(Command.java:112) ~[elasticsearch-cli-7.16.2.jar:7.16.2]
	at org.elasticsearch.cli.Command.main(Command.java:77) ~[elasticsearch-cli-7.16.2.jar:7.16.2]
	at org.elasticsearch.bootstrap.Elasticsearch.main(Elasticsearch.java:122) ~[elasticsearch-7.16.2.jar:7.16.2]
	at org.elasticsearch.bootstrap.Elasticsearch.main(Elasticsearch.java:80) ~[elasticsearch-7.16.2.jar:7.16.2]
Caused by: java.lang.IllegalStateException: failed to obtain node locks, tried [[Z:\elasticsearch-7.16.2-windows-x86_64\elasticsearch-7.16.2\data]] with lock id [0]; maybe these locations are not writable or multiple nodes were started without increasing [node.max_local_storage_nodes] (was [1])?
	at org.elasticsearch.env.NodeEnvironment.<init>(NodeEnvironment.java:328) ~[elasticsearch-7.16.2.jar:7.16.2]
	at org.elasticsearch.node.Node.<init>(Node.java:427) ~[elasticsearch-7.16.2.jar:7.16.2]
	at org.elasticsearch.node.Node.<init>(Node.java:309) ~[elasticsearch-7.16.2.jar:7.16.2]
	at org.elasticsearch.bootstrap.Bootstrap$5.<init>(Bootstrap.java:234) ~[elasticsearch-7.16.2.jar:7.16.2]
	at org.elasticsearch.bootstrap.Bootstrap.setup(Bootstrap.java:234) ~[elasticsearch-7.16.2.jar:7.16.2]
	at org.elasticsearch.bootstrap.Bootstrap.init(Bootstrap.java:434) ~[elasticsearch-7.16.2.jar:7.16.2]
	at org.elasticsearch.bootstrap.Elasticsearch.init(Elasticsearch.java:166) ~[elasticsearch-7.16.2.jar:7.16.2]
	... 6 more
Caused by: java.io.IOException: failed to obtain lock on Z:\elasticsearch-7.16.2-windows-x86_64\elasticsearch-7.16.2\data\nodes\0
	at org.elasticsearch.env.NodeEnvironment$NodeLock.<init>(NodeEnvironment.java:236) ~[elasticsearch-7.16.2.jar:7.16.2]
	at org.elasticsearch.env.NodeEnvironment.<init>(NodeEnvironment.java:298) ~[elasticsearch-7.16.2.jar:7.16.2]
	at org.elasticsearch.node.Node.<init>(Node.java:427) ~[elasticsearch-7.16.2.jar:7.16.2]
	at org.elasticsearch.node.Node.<init>(Node.java:309) ~[elasticsearch-7.16.2.jar:7.16.2]
	at org.elasticsearch.bootstrap.Bootstrap$5.<init>(Bootstrap.java:234) ~[elasticsearch-7.16.2.jar:7.16.2]
	at org.elasticsearch.bootstrap.Bootstrap.setup(Bootstrap.java:234) ~[elasticsearch-7.16.2.jar:7.16.2]
	at org.elasticsearch.bootstrap.Bootstrap.init(Bootstrap.java:434) ~[elasticsearch-7.16.2.jar:7.16.2]
	at org.elasticsearch.bootstrap.Elasticsearch.init(Elasticsearch.java:166) ~[elasticsearch-7.16.2.jar:7.16.2]
	... 6 more
Caused by: java.nio.file.FileSystemException: Z:\elasticsearch-7.16.2-windows-x86_64\elasticsearch-7.16.2\data\nodes\0: Incorrect function
	at sun.nio.fs.WindowsException.translateToIOException(WindowsException.java:92) ~[?:?]
	at sun.nio.fs.WindowsException.rethrowAsIOException(WindowsException.java:103) ~[?:?]
	at sun.nio.fs.WindowsException.rethrowAsIOException(WindowsException.java:108) ~[?:?]
	at sun.nio.fs.WindowsLinkSupport.getFinalPath(WindowsLinkSupport.java:82) ~[?:?]
	at sun.nio.fs.WindowsFileStore.create(WindowsFileStore.java:102) ~[?:?]
	at sun.nio.fs.WindowsFileSystemProvider.getFileStore(WindowsFileSystemProvider.java:499) ~[?:?]
	at java.nio.file.Files.getFileStore(Files.java:1498) ~[?:?]
	at org.elasticsearch.env.Environment.getFileStore(Environment.java:379) ~[elasticsearch-7.16.2.jar:7.16.2]
	at org.elasticsearch.env.NodeEnvironment$NodePath.<init>(NodeEnvironment.java:111) ~[elasticsearch-7.16.2.jar:7.16.2]
	at org.elasticsearch.env.NodeEnvironment$NodeLock.<init>(NodeEnvironment.java:230) ~[elasticsearch-7.16.2.jar:7.16.2]
	at org.elasticsearch.env.NodeEnvironment.<init>(NodeEnvironment.java:298) ~[elasticsearch-7.16.2.jar:7.16.2]
	at org.elasticsearch.node.Node.<init>(Node.java:427) ~[elasticsearch-7.16.2.jar:7.16.2]
	at org.elasticsearch.node.Node.<init>(Node.java:309) ~[elasticsearch-7.16.2.jar:7.16.2]
	at org.elasticsearch.bootstrap.Bootstrap$5.<init>(Bootstrap.java:234) ~[elasticsearch-7.16.2.jar:7.16.2]
	at org.elasticsearch.bootstrap.Bootstrap.setup(Bootstrap.java:234) ~[elasticsearch-7.16.2.jar:7.16.2]
	at org.elasticsearch.bootstrap.Bootstrap.init(Bootstrap.java:434) ~[elasticsearch-7.16.2.jar:7.16.2]
	at org.elasticsearch.bootstrap.Elasticsearch.init(Elasticsearch.java:166) ~[elasticsearch-7.16.2.jar:7.16.2]
	... 6 more
